<?xml version="1.0" encoding="UTF-8"?>
<testsuite name="com.team7.chaekin.ChaekinApplicationTests" tests="1" skipped="0" failures="0" errors="0" timestamp="2022-09-15T13:51:08" hostname="DESKTOP-KVCQHCD" time="0.352">
  <properties/>
  <testcase name="contextLoads()" classname="com.team7.chaekin.ChaekinApplicationTests" time="0.352"/>
  <system-out><![CDATA[22:51:02.430 [Test worker] DEBUG org.springframework.test.context.BootstrapUtils - Instantiating CacheAwareContextLoaderDelegate from class [org.springframework.test.context.cache.DefaultCacheAwareContextLoaderDelegate]
22:51:02.452 [Test worker] DEBUG org.springframework.test.context.BootstrapUtils - Instantiating BootstrapContext using constructor [public org.springframework.test.context.support.DefaultBootstrapContext(java.lang.Class,org.springframework.test.context.CacheAwareContextLoaderDelegate)]
22:51:02.510 [Test worker] DEBUG org.springframework.test.context.BootstrapUtils - Instantiating TestContextBootstrapper for test class [com.team7.chaekin.ChaekinApplicationTests] from class [org.springframework.boot.test.context.SpringBootTestContextBootstrapper]
22:51:02.529 [Test worker] INFO org.springframework.boot.test.context.SpringBootTestContextBootstrapper - Neither @ContextConfiguration nor @ContextHierarchy found for test class [com.team7.chaekin.ChaekinApplicationTests], using SpringBootContextLoader
22:51:02.538 [Test worker] DEBUG org.springframework.test.context.support.AbstractContextLoader - Did not detect default resource location for test class [com.team7.chaekin.ChaekinApplicationTests]: class path resource [com/team7/chaekin/ChaekinApplicationTests-context.xml] does not exist
22:51:02.539 [Test worker] DEBUG org.springframework.test.context.support.AbstractContextLoader - Did not detect default resource location for test class [com.team7.chaekin.ChaekinApplicationTests]: class path resource [com/team7/chaekin/ChaekinApplicationTestsContext.groovy] does not exist
22:51:02.540 [Test worker] INFO org.springframework.test.context.support.AbstractContextLoader - Could not detect default resource locations for test class [com.team7.chaekin.ChaekinApplicationTests]: no resource found for suffixes {-context.xml, Context.groovy}.
22:51:02.541 [Test worker] INFO org.springframework.test.context.support.AnnotationConfigContextLoaderUtils - Could not detect default configuration classes for test class [com.team7.chaekin.ChaekinApplicationTests]: ChaekinApplicationTests does not declare any static, non-private, non-final, nested classes annotated with @Configuration.
22:51:02.609 [Test worker] DEBUG org.springframework.test.context.support.ActiveProfilesUtils - Could not find an 'annotation declaring class' for annotation type [org.springframework.test.context.ActiveProfiles] and class [com.team7.chaekin.ChaekinApplicationTests]
22:51:02.715 [Test worker] DEBUG org.springframework.context.annotation.ClassPathScanningCandidateComponentProvider - Identified candidate component class: file [C:\Users\SSAFY\Desktop\특화프로젝트\project\S07P22A107\BE\chaekin\build\classes\java\main\com\team7\chaekin\ChaekinApplication.class]
22:51:02.717 [Test worker] INFO org.springframework.boot.test.context.SpringBootTestContextBootstrapper - Found @SpringBootConfiguration com.team7.chaekin.ChaekinApplication for test class com.team7.chaekin.ChaekinApplicationTests
22:51:02.910 [Test worker] DEBUG org.springframework.boot.test.context.SpringBootTestContextBootstrapper - @TestExecutionListeners is not present for class [com.team7.chaekin.ChaekinApplicationTests]: using defaults.
22:51:02.911 [Test worker] INFO org.springframework.boot.test.context.SpringBootTestContextBootstrapper - Loaded default TestExecutionListener class names from location [META-INF/spring.factories]: [org.springframework.boot.test.autoconfigure.restdocs.RestDocsTestExecutionListener, org.springframework.boot.test.autoconfigure.web.client.MockRestServiceServerResetTestExecutionListener, org.springframework.boot.test.autoconfigure.web.servlet.MockMvcPrintOnlyOnFailureTestExecutionListener, org.springframework.boot.test.autoconfigure.web.servlet.WebDriverTestExecutionListener, org.springframework.boot.test.autoconfigure.webservices.client.MockWebServiceServerTestExecutionListener, org.springframework.boot.test.mock.mockito.MockitoTestExecutionListener, org.springframework.boot.test.mock.mockito.ResetMocksTestExecutionListener, org.springframework.test.context.web.ServletTestExecutionListener, org.springframework.test.context.support.DirtiesContextBeforeModesTestExecutionListener, org.springframework.test.context.event.ApplicationEventsTestExecutionListener, org.springframework.test.context.support.DependencyInjectionTestExecutionListener, org.springframework.test.context.support.DirtiesContextTestExecutionListener, org.springframework.test.context.transaction.TransactionalTestExecutionListener, org.springframework.test.context.jdbc.SqlScriptsTestExecutionListener, org.springframework.test.context.event.EventPublishingTestExecutionListener]
22:51:02.955 [Test worker] INFO org.springframework.boot.test.context.SpringBootTestContextBootstrapper - Using TestExecutionListeners: [org.springframework.test.context.web.ServletTestExecutionListener@238b521e, org.springframework.test.context.support.DirtiesContextBeforeModesTestExecutionListener@1b39fd82, org.springframework.test.context.event.ApplicationEventsTestExecutionListener@3e2fc448, org.springframework.boot.test.mock.mockito.MockitoTestExecutionListener@21680803, org.springframework.boot.test.autoconfigure.SpringBootDependencyInjectionTestExecutionListener@588ab592, org.springframework.test.context.support.DirtiesContextTestExecutionListener@c8b96ec, org.springframework.test.context.transaction.TransactionalTestExecutionListener@4cc61eb1, org.springframework.test.context.jdbc.SqlScriptsTestExecutionListener@2d8f2f3a, org.springframework.test.context.event.EventPublishingTestExecutionListener@2024293c, org.springframework.boot.test.autoconfigure.restdocs.RestDocsTestExecutionListener@7048f722, org.springframework.boot.test.autoconfigure.web.client.MockRestServiceServerResetTestExecutionListener@c074c0c, org.springframework.boot.test.autoconfigure.web.servlet.MockMvcPrintOnlyOnFailureTestExecutionListener@58a55449, org.springframework.boot.test.autoconfigure.web.servlet.WebDriverTestExecutionListener@5949eba8, org.springframework.boot.test.autoconfigure.webservices.client.MockWebServiceServerTestExecutionListener@6e0ff644, org.springframework.boot.test.mock.mockito.ResetMocksTestExecutionListener@58dea0a5]
22:51:02.963 [Test worker] DEBUG org.springframework.test.context.support.AbstractDirtiesContextTestExecutionListener - Before test class: context [DefaultTestContext@3a7b503d testClass = ChaekinApplicationTests, testInstance = [null], testMethod = [null], testException = [null], mergedContextConfiguration = [WebMergedContextConfiguration@512d92b testClass = ChaekinApplicationTests, locations = '{}', classes = '{class com.team7.chaekin.ChaekinApplication}', contextInitializerClasses = '[]', activeProfiles = '{}', propertySourceLocations = '{}', propertySourceProperties = '{org.springframework.boot.test.context.SpringBootTestContextBootstrapper=true}', contextCustomizers = set[org.springframework.boot.test.autoconfigure.actuate.metrics.MetricsExportContextCustomizerFactory$DisableMetricExportContextCustomizer@5dd91bca, org.springframework.boot.test.autoconfigure.properties.PropertyMappingContextCustomizer@0, org.springframework.boot.test.autoconfigure.web.servlet.WebDriverContextCustomizerFactory$Customizer@7c209437, org.springframework.boot.test.context.filter.ExcludeFilterContextCustomizer@4febb875, org.springframework.boot.test.json.DuplicateJsonObjectContextCustomizerFactory$DuplicateJsonObjectContextCustomizer@328cf0e1, org.springframework.boot.test.mock.mockito.MockitoContextCustomizer@0, org.springframework.boot.test.web.client.TestRestTemplateContextCustomizer@58359ebd, org.springframework.boot.test.context.SpringBootTestArgs@1, org.springframework.boot.test.context.SpringBootTestWebEnvironment@6b0d80ed], resourceBasePath = 'src/main/webapp', contextLoader = 'org.springframework.boot.test.context.SpringBootContextLoader', parent = [null]], attributes = map['org.springframework.test.context.web.ServletTestExecutionListener.activateListener' -> true]], class annotated with @DirtiesContext [false] with mode [null].

  .   ____          _            __ _ _
 /\\ / ___'_ __ _ _(_)_ __  __ _ \ \ \ \
( ( )\___ | '_ | '_| | '_ \/ _` | \ \ \ \
 \\/  ___)| |_)| | | | | || (_| |  ) ) ) )
  '  |____| .__|_| |_|_| |_\__, | / / / /
 =========|_|==============|___/=/_/_/_/
 :: Spring Boot ::                (v2.7.3)

2022-09-15 22:51:03.477  INFO 12416 --- [    Test worker] c.team7.chaekin.ChaekinApplicationTests  : Starting ChaekinApplicationTests using Java 11.0.15.1 on DESKTOP-KVCQHCD with PID 12416 (started by SSAFY in C:\Users\SSAFY\Desktop\특화프로젝트\project\S07P22A107\BE\chaekin)
2022-09-15 22:51:03.480  INFO 12416 --- [    Test worker] c.team7.chaekin.ChaekinApplicationTests  : No active profile set, falling back to 1 default profile: "default"
2022-09-15 22:51:04.557  INFO 12416 --- [    Test worker] .s.d.r.c.RepositoryConfigurationDelegate : Bootstrapping Spring Data JPA repositories in DEFAULT mode.
2022-09-15 22:51:04.586  INFO 12416 --- [    Test worker] .s.d.r.c.RepositoryConfigurationDelegate : Finished Spring Data repository scanning in 9 ms. Found 0 JPA repository interfaces.
2022-09-15 22:51:05.411  INFO 12416 --- [    Test worker] com.zaxxer.hikari.HikariDataSource       : HikariPool-1 - Starting...
2022-09-15 22:51:05.787  INFO 12416 --- [    Test worker] com.zaxxer.hikari.HikariDataSource       : HikariPool-1 - Start completed.
2022-09-15 22:51:05.931  INFO 12416 --- [    Test worker] o.hibernate.jpa.internal.util.LogHelper  : HHH000204: Processing PersistenceUnitInfo [name: default]
2022-09-15 22:51:06.037  INFO 12416 --- [    Test worker] org.hibernate.Version                    : HHH000412: Hibernate ORM core version 5.6.10.Final
2022-09-15 22:51:06.392  INFO 12416 --- [    Test worker] o.hibernate.annotations.common.Version   : HCANN000001: Hibernate Commons Annotations {5.1.2.Final}
2022-09-15 22:51:06.660  INFO 12416 --- [    Test worker] org.hibernate.dialect.Dialect            : HHH000400: Using dialect: org.hibernate.dialect.H2Dialect
2022-09-15 22:51:07.074  INFO 12416 --- [    Test worker] o.h.e.t.j.p.i.JtaPlatformInitiator       : HHH000490: Using JtaPlatform implementation: [org.hibernate.engine.transaction.jta.platform.internal.NoJtaPlatform]
2022-09-15 22:51:07.090  INFO 12416 --- [    Test worker] j.LocalContainerEntityManagerFactoryBean : Initialized JPA EntityManagerFactory for persistence unit 'default'
2022-09-15 22:51:07.512  WARN 12416 --- [    Test worker] JpaBaseConfiguration$JpaWebConfiguration : spring.jpa.open-in-view is enabled by default. Therefore, database queries may be performed during view rendering. Explicitly configure spring.jpa.open-in-view to disable this warning
2022-09-15 22:51:08.487  INFO 12416 --- [    Test worker] c.team7.chaekin.ChaekinApplicationTests  : Started ChaekinApplicationTests in 5.464 seconds (JVM running for 8.278)
]]></system-out>
  <system-err><![CDATA[]]></system-err>
</testsuite>
